<?xml version="1.0" encoding="UTF-8"?>
<testng-results ignored="0" total="1" passed="1" failed="0" skipped="0">
  <reporter-output>
  </reporter-output>
  <suite started-at="2024-04-23T16:58:50 IST" name="Suite" finished-at="2024-04-23T16:59:08 IST" duration-ms="18524">
    <groups>
      <group name="Sanity">
        <method signature="LoginPageTest.verifyLoginTest(java.lang.String,java.lang.String)[pri:0, instance:com.Testes.LoginPageTest@243c4f91]" name="verifyLoginTest" class="com.Testes.LoginPageTest"/>
      </group> <!-- Sanity -->
      <group name="Smoke">
        <method signature="LoginPageTest.verifyLoginTest(java.lang.String,java.lang.String)[pri:0, instance:com.Testes.LoginPageTest@243c4f91]" name="verifyLoginTest" class="com.Testes.LoginPageTest"/>
      </group> <!-- Smoke -->
    </groups>
    <test started-at="2024-04-23T16:58:50 IST" name="TestAll" finished-at="2024-04-23T16:59:08 IST" duration-ms="18524">
      <class name="com.Testes.LoginPageTest">
        <test-method is-config="true" signature="beforeSuite()[pri:0, instance:com.Testes.LoginPageTest@243c4f91]" started-at="2024-04-23T16:58:49 IST" name="beforeSuite" finished-at="2024-04-23T16:58:50 IST" duration-ms="502" status="PASS">
          <reporter-output>
          </reporter-output>
        </test-method> <!-- beforeSuite -->
        <test-method is-config="true" signature="setup()[pri:0, instance:com.Testes.LoginPageTest@243c4f91]" started-at="2024-04-23T16:58:55 IST" name="setup" finished-at="2024-04-23T16:59:02 IST" duration-ms="7454" status="PASS">
          <reporter-output>
          </reporter-output>
        </test-method> <!-- setup -->
        <test-method signature="verifyLoginTest(java.lang.String,java.lang.String)[pri:0, instance:com.Testes.LoginPageTest@243c4f91]" started-at="2024-04-23T16:59:02 IST" name="verifyLoginTest" data-provider="credentials" finished-at="2024-04-23T16:59:07 IST" duration-ms="4785" status="PASS">
          <params>
            <param index="0">
              <value>
                <![CDATA[pragati]]>
              </value>
            </param>
            <param index="1">
              <value>
                <![CDATA[Hello123@]]>
              </value>
            </param>
          </params>
          <reporter-output>
          </reporter-output>
        </test-method> <!-- verifyLoginTest -->
        <test-method is-config="true" signature="tearDown()[pri:0, instance:com.Testes.LoginPageTest@243c4f91]" started-at="2024-04-23T16:59:07 IST" name="tearDown" finished-at="2024-04-23T16:59:08 IST" duration-ms="1043" status="PASS">
          <reporter-output>
          </reporter-output>
        </test-method> <!-- tearDown -->
        <test-method is-config="true" signature="afterSuite()[pri:0, instance:com.Testes.LoginPageTest@243c4f91]" started-at="2024-04-23T16:59:08 IST" name="afterSuite" finished-at="2024-04-23T16:59:10 IST" duration-ms="1467" status="PASS">
          <reporter-output>
          </reporter-output>
        </test-method> <!-- afterSuite -->
      </class> <!-- com.Testes.LoginPageTest -->
    </test> <!-- TestAll -->
  </suite> <!-- Suite -->
</testng-results>
